0 info it worked if it ends with ok
1 verbose cli [ '/usr/bin/nodejs', '/usr/bin/npm', 'install' ]
2 info using npm@1.3.10
3 info using node@v0.10.25
4 warn package.json files_manager@1.0.0 No description
5 warn package.json files_manager@1.0.0 No repository field.
6 warn package.json files_manager@1.0.0 No README data
7 verbose readDependencies using package.json deps
8 verbose install where, deps [ '/alx-files_manager',
8 verbose install   [ 'bull',
8 verbose install     'chai-http',
8 verbose install     'express',
8 verbose install     'image-thumbnail',
8 verbose install     'mime-types',
8 verbose install     'mongodb',
8 verbose install     'redis',
8 verbose install     'sha1',
8 verbose install     'uuid',
8 verbose install     '@babel/cli',
8 verbose install     '@babel/core',
8 verbose install     '@babel/node',
8 verbose install     '@babel/preset-env',
8 verbose install     '@babel/register',
8 verbose install     'chai',
8 verbose install     'mocha',
8 verbose install     'nodemon',
8 verbose install     'eslint',
8 verbose install     'eslint-config-airbnb-base',
8 verbose install     'eslint-plugin-import',
8 verbose install     'eslint-plugin-jest',
8 verbose install     'request',
8 verbose install     'sinon' ] ]
9 info preinstall files_manager@1.0.0
10 verbose readDependencies using package.json deps
11 verbose cache add [ 'express@^4.17.1', null ]
12 verbose cache add name=undefined spec="express@^4.17.1" args=["express@^4.17.1",null]
13 verbose parsed url { protocol: null,
13 verbose parsed url   slashes: null,
13 verbose parsed url   auth: null,
13 verbose parsed url   host: null,
13 verbose parsed url   port: null,
13 verbose parsed url   hostname: null,
13 verbose parsed url   hash: null,
13 verbose parsed url   search: null,
13 verbose parsed url   query: null,
13 verbose parsed url   pathname: 'express@^4.17.1',
13 verbose parsed url   path: 'express@^4.17.1',
13 verbose parsed url   href: 'express@^4.17.1' }
14 verbose cache add name="express" spec="^4.17.1" args=["express","^4.17.1"]
15 verbose parsed url { protocol: null,
15 verbose parsed url   slashes: null,
15 verbose parsed url   auth: null,
15 verbose parsed url   host: null,
15 verbose parsed url   port: null,
15 verbose parsed url   hostname: null,
15 verbose parsed url   hash: null,
15 verbose parsed url   search: null,
15 verbose parsed url   query: null,
15 verbose parsed url   pathname: '^4.17.1',
15 verbose parsed url   path: '^4.17.1',
15 verbose parsed url   href: '^4.17.1' }
16 verbose addNamed [ 'express', '^4.17.1' ]
17 verbose addNamed [ null, '>=4.17.1-0 <5.0.0-0' ]
18 verbose cache add [ 'mime-types@^2.1.27', null ]
19 verbose cache add name=undefined spec="mime-types@^2.1.27" args=["mime-types@^2.1.27",null]
20 verbose parsed url { protocol: null,
20 verbose parsed url   slashes: null,
20 verbose parsed url   auth: null,
20 verbose parsed url   host: null,
20 verbose parsed url   port: null,
20 verbose parsed url   hostname: null,
20 verbose parsed url   hash: null,
20 verbose parsed url   search: null,
20 verbose parsed url   query: null,
20 verbose parsed url   pathname: 'mime-types@^2.1.27',
20 verbose parsed url   path: 'mime-types@^2.1.27',
20 verbose parsed url   href: 'mime-types@^2.1.27' }
21 verbose cache add name="mime-types" spec="^2.1.27" args=["mime-types","^2.1.27"]
22 verbose parsed url { protocol: null,
22 verbose parsed url   slashes: null,
22 verbose parsed url   auth: null,
22 verbose parsed url   host: null,
22 verbose parsed url   port: null,
22 verbose parsed url   hostname: null,
22 verbose parsed url   hash: null,
22 verbose parsed url   search: null,
22 verbose parsed url   query: null,
22 verbose parsed url   pathname: '^2.1.27',
22 verbose parsed url   path: '^2.1.27',
22 verbose parsed url   href: '^2.1.27' }
23 verbose addNamed [ 'mime-types', '^2.1.27' ]
24 verbose addNamed [ null, '>=2.1.27-0 <3.0.0-0' ]
25 verbose cache add [ 'image-thumbnail@^1.0.10', null ]
26 verbose cache add name=undefined spec="image-thumbnail@^1.0.10" args=["image-thumbnail@^1.0.10",null]
27 verbose parsed url { protocol: null,
27 verbose parsed url   slashes: null,
27 verbose parsed url   auth: null,
27 verbose parsed url   host: null,
27 verbose parsed url   port: null,
27 verbose parsed url   hostname: null,
27 verbose parsed url   hash: null,
27 verbose parsed url   search: null,
27 verbose parsed url   query: null,
27 verbose parsed url   pathname: 'image-thumbnail@^1.0.10',
27 verbose parsed url   path: 'image-thumbnail@^1.0.10',
27 verbose parsed url   href: 'image-thumbnail@^1.0.10' }
28 verbose cache add name="image-thumbnail" spec="^1.0.10" args=["image-thumbnail","^1.0.10"]
29 verbose parsed url { protocol: null,
29 verbose parsed url   slashes: null,
29 verbose parsed url   auth: null,
29 verbose parsed url   host: null,
29 verbose parsed url   port: null,
29 verbose parsed url   hostname: null,
29 verbose parsed url   hash: null,
29 verbose parsed url   search: null,
29 verbose parsed url   query: null,
29 verbose parsed url   pathname: '^1.0.10',
29 verbose parsed url   path: '^1.0.10',
29 verbose parsed url   href: '^1.0.10' }
30 verbose addNamed [ 'image-thumbnail', '^1.0.10' ]
31 verbose addNamed [ null, '>=1.0.10-0 <2.0.0-0' ]
32 verbose cache add [ 'mongodb@^3.5.9', null ]
33 verbose cache add name=undefined spec="mongodb@^3.5.9" args=["mongodb@^3.5.9",null]
34 verbose parsed url { protocol: null,
34 verbose parsed url   slashes: null,
34 verbose parsed url   auth: null,
34 verbose parsed url   host: null,
34 verbose parsed url   port: null,
34 verbose parsed url   hostname: null,
34 verbose parsed url   hash: null,
34 verbose parsed url   search: null,
34 verbose parsed url   query: null,
34 verbose parsed url   pathname: 'mongodb@^3.5.9',
34 verbose parsed url   path: 'mongodb@^3.5.9',
34 verbose parsed url   href: 'mongodb@^3.5.9' }
35 verbose cache add name="mongodb" spec="^3.5.9" args=["mongodb","^3.5.9"]
36 verbose parsed url { protocol: null,
36 verbose parsed url   slashes: null,
36 verbose parsed url   auth: null,
36 verbose parsed url   host: null,
36 verbose parsed url   port: null,
36 verbose parsed url   hostname: null,
36 verbose parsed url   hash: null,
36 verbose parsed url   search: null,
36 verbose parsed url   query: null,
36 verbose parsed url   pathname: '^3.5.9',
36 verbose parsed url   path: '^3.5.9',
36 verbose parsed url   href: '^3.5.9' }
37 verbose addNamed [ 'mongodb', '^3.5.9' ]
38 verbose addNamed [ null, '>=3.5.9-0 <4.0.0-0' ]
39 verbose cache add [ 'redis@^2.8.0', null ]
40 verbose cache add name=undefined spec="redis@^2.8.0" args=["redis@^2.8.0",null]
41 verbose parsed url { protocol: null,
41 verbose parsed url   slashes: null,
41 verbose parsed url   auth: null,
41 verbose parsed url   host: null,
41 verbose parsed url   port: null,
41 verbose parsed url   hostname: null,
41 verbose parsed url   hash: null,
41 verbose parsed url   search: null,
41 verbose parsed url   query: null,
41 verbose parsed url   pathname: 'redis@^2.8.0',
41 verbose parsed url   path: 'redis@^2.8.0',
41 verbose parsed url   href: 'redis@^2.8.0' }
42 verbose cache add name="redis" spec="^2.8.0" args=["redis","^2.8.0"]
43 verbose parsed url { protocol: null,
43 verbose parsed url   slashes: null,
43 verbose parsed url   auth: null,
43 verbose parsed url   host: null,
43 verbose parsed url   port: null,
43 verbose parsed url   hostname: null,
43 verbose parsed url   hash: null,
43 verbose parsed url   search: null,
43 verbose parsed url   query: null,
43 verbose parsed url   pathname: '^2.8.0',
43 verbose parsed url   path: '^2.8.0',
43 verbose parsed url   href: '^2.8.0' }
44 verbose addNamed [ 'redis', '^2.8.0' ]
45 verbose addNamed [ null, '>=2.8.0-0 <3.0.0-0' ]
46 verbose cache add [ 'sha1@^1.1.1', null ]
47 verbose cache add name=undefined spec="sha1@^1.1.1" args=["sha1@^1.1.1",null]
48 verbose parsed url { protocol: null,
48 verbose parsed url   slashes: null,
48 verbose parsed url   auth: null,
48 verbose parsed url   host: null,
48 verbose parsed url   port: null,
48 verbose parsed url   hostname: null,
48 verbose parsed url   hash: null,
48 verbose parsed url   search: null,
48 verbose parsed url   query: null,
48 verbose parsed url   pathname: 'sha1@^1.1.1',
48 verbose parsed url   path: 'sha1@^1.1.1',
48 verbose parsed url   href: 'sha1@^1.1.1' }
49 verbose cache add name="sha1" spec="^1.1.1" args=["sha1","^1.1.1"]
50 verbose parsed url { protocol: null,
50 verbose parsed url   slashes: null,
50 verbose parsed url   auth: null,
50 verbose parsed url   host: null,
50 verbose parsed url   port: null,
50 verbose parsed url   hostname: null,
50 verbose parsed url   hash: null,
50 verbose parsed url   search: null,
50 verbose parsed url   query: null,
50 verbose parsed url   pathname: '^1.1.1',
50 verbose parsed url   path: '^1.1.1',
50 verbose parsed url   href: '^1.1.1' }
51 verbose addNamed [ 'sha1', '^1.1.1' ]
52 verbose addNamed [ null, '>=1.1.1-0 <2.0.0-0' ]
53 verbose cache add [ 'uuid@^8.2.0', null ]
54 verbose cache add name=undefined spec="uuid@^8.2.0" args=["uuid@^8.2.0",null]
55 verbose parsed url { protocol: null,
55 verbose parsed url   slashes: null,
55 verbose parsed url   auth: null,
55 verbose parsed url   host: null,
55 verbose parsed url   port: null,
55 verbose parsed url   hostname: null,
55 verbose parsed url   hash: null,
55 verbose parsed url   search: null,
55 verbose parsed url   query: null,
55 verbose parsed url   pathname: 'uuid@^8.2.0',
55 verbose parsed url   path: 'uuid@^8.2.0',
55 verbose parsed url   href: 'uuid@^8.2.0' }
56 verbose cache add name="uuid" spec="^8.2.0" args=["uuid","^8.2.0"]
57 verbose parsed url { protocol: null,
57 verbose parsed url   slashes: null,
57 verbose parsed url   auth: null,
57 verbose parsed url   host: null,
57 verbose parsed url   port: null,
57 verbose parsed url   hostname: null,
57 verbose parsed url   hash: null,
57 verbose parsed url   search: null,
57 verbose parsed url   query: null,
57 verbose parsed url   pathname: '^8.2.0',
57 verbose parsed url   path: '^8.2.0',
57 verbose parsed url   href: '^8.2.0' }
58 verbose addNamed [ 'uuid', '^8.2.0' ]
59 verbose addNamed [ null, '>=8.2.0-0 <9.0.0-0' ]
60 verbose cache add [ '@babel/cli@^7.8.0', null ]
61 verbose cache add name=undefined spec="@babel/cli@^7.8.0" args=["@babel/cli@^7.8.0",null]
62 verbose parsed url { protocol: null,
62 verbose parsed url   slashes: null,
62 verbose parsed url   auth: null,
62 verbose parsed url   host: null,
62 verbose parsed url   port: null,
62 verbose parsed url   hostname: null,
62 verbose parsed url   hash: null,
62 verbose parsed url   search: null,
62 verbose parsed url   query: null,
62 verbose parsed url   pathname: '@babel/cli@^7.8.0',
62 verbose parsed url   path: '@babel/cli@^7.8.0',
62 verbose parsed url   href: '@babel/cli@^7.8.0' }
63 verbose cache add name="" spec="babel/cli@^7.8.0" args=["","babel/cli@^7.8.0"]
64 verbose parsed url { protocol: null,
64 verbose parsed url   slashes: null,
64 verbose parsed url   auth: null,
64 verbose parsed url   host: null,
64 verbose parsed url   port: null,
64 verbose parsed url   hostname: null,
64 verbose parsed url   hash: null,
64 verbose parsed url   search: null,
64 verbose parsed url   query: null,
64 verbose parsed url   pathname: 'babel/cli@^7.8.0',
64 verbose parsed url   path: 'babel/cli@^7.8.0',
64 verbose parsed url   href: 'babel/cli@^7.8.0' }
65 verbose cache add name="babel/cli" spec="^7.8.0" args=["babel/cli","^7.8.0"]
66 verbose parsed url { protocol: null,
66 verbose parsed url   slashes: null,
66 verbose parsed url   auth: null,
66 verbose parsed url   host: null,
66 verbose parsed url   port: null,
66 verbose parsed url   hostname: null,
66 verbose parsed url   hash: null,
66 verbose parsed url   search: null,
66 verbose parsed url   query: null,
66 verbose parsed url   pathname: '^7.8.0',
66 verbose parsed url   path: '^7.8.0',
66 verbose parsed url   href: '^7.8.0' }
67 verbose addNamed [ 'babel/cli', '^7.8.0' ]
68 verbose addNamed [ null, '>=7.8.0-0 <8.0.0-0' ]
69 verbose cache add [ '@babel/core@^7.8.0', null ]
70 verbose cache add name=undefined spec="@babel/core@^7.8.0" args=["@babel/core@^7.8.0",null]
71 verbose parsed url { protocol: null,
71 verbose parsed url   slashes: null,
71 verbose parsed url   auth: null,
71 verbose parsed url   host: null,
71 verbose parsed url   port: null,
71 verbose parsed url   hostname: null,
71 verbose parsed url   hash: null,
71 verbose parsed url   search: null,
71 verbose parsed url   query: null,
71 verbose parsed url   pathname: '@babel/core@^7.8.0',
71 verbose parsed url   path: '@babel/core@^7.8.0',
71 verbose parsed url   href: '@babel/core@^7.8.0' }
72 verbose cache add name="" spec="babel/core@^7.8.0" args=["","babel/core@^7.8.0"]
73 verbose parsed url { protocol: null,
73 verbose parsed url   slashes: null,
73 verbose parsed url   auth: null,
73 verbose parsed url   host: null,
73 verbose parsed url   port: null,
73 verbose parsed url   hostname: null,
73 verbose parsed url   hash: null,
73 verbose parsed url   search: null,
73 verbose parsed url   query: null,
73 verbose parsed url   pathname: 'babel/core@^7.8.0',
73 verbose parsed url   path: 'babel/core@^7.8.0',
73 verbose parsed url   href: 'babel/core@^7.8.0' }
74 verbose cache add name="babel/core" spec="^7.8.0" args=["babel/core","^7.8.0"]
75 verbose parsed url { protocol: null,
75 verbose parsed url   slashes: null,
75 verbose parsed url   auth: null,
75 verbose parsed url   host: null,
75 verbose parsed url   port: null,
75 verbose parsed url   hostname: null,
75 verbose parsed url   hash: null,
75 verbose parsed url   search: null,
75 verbose parsed url   query: null,
75 verbose parsed url   pathname: '^7.8.0',
75 verbose parsed url   path: '^7.8.0',
75 verbose parsed url   href: '^7.8.0' }
76 verbose addNamed [ 'babel/core', '^7.8.0' ]
77 verbose addNamed [ null, '>=7.8.0-0 <8.0.0-0' ]
78 verbose cache add [ '@babel/node@^7.8.0', null ]
79 verbose cache add name=undefined spec="@babel/node@^7.8.0" args=["@babel/node@^7.8.0",null]
80 verbose parsed url { protocol: null,
80 verbose parsed url   slashes: null,
80 verbose parsed url   auth: null,
80 verbose parsed url   host: null,
80 verbose parsed url   port: null,
80 verbose parsed url   hostname: null,
80 verbose parsed url   hash: null,
80 verbose parsed url   search: null,
80 verbose parsed url   query: null,
80 verbose parsed url   pathname: '@babel/node@^7.8.0',
80 verbose parsed url   path: '@babel/node@^7.8.0',
80 verbose parsed url   href: '@babel/node@^7.8.0' }
81 verbose cache add name="" spec="babel/node@^7.8.0" args=["","babel/node@^7.8.0"]
82 verbose parsed url { protocol: null,
82 verbose parsed url   slashes: null,
82 verbose parsed url   auth: null,
82 verbose parsed url   host: null,
82 verbose parsed url   port: null,
82 verbose parsed url   hostname: null,
82 verbose parsed url   hash: null,
82 verbose parsed url   search: null,
82 verbose parsed url   query: null,
82 verbose parsed url   pathname: 'babel/node@^7.8.0',
82 verbose parsed url   path: 'babel/node@^7.8.0',
82 verbose parsed url   href: 'babel/node@^7.8.0' }
83 verbose cache add name="babel/node" spec="^7.8.0" args=["babel/node","^7.8.0"]
84 verbose parsed url { protocol: null,
84 verbose parsed url   slashes: null,
84 verbose parsed url   auth: null,
84 verbose parsed url   host: null,
84 verbose parsed url   port: null,
84 verbose parsed url   hostname: null,
84 verbose parsed url   hash: null,
84 verbose parsed url   search: null,
84 verbose parsed url   query: null,
84 verbose parsed url   pathname: '^7.8.0',
84 verbose parsed url   path: '^7.8.0',
84 verbose parsed url   href: '^7.8.0' }
85 verbose addNamed [ 'babel/node', '^7.8.0' ]
86 verbose addNamed [ null, '>=7.8.0-0 <8.0.0-0' ]
87 verbose cache add [ '@babel/preset-env@^7.8.2', null ]
88 verbose cache add name=undefined spec="@babel/preset-env@^7.8.2" args=["@babel/preset-env@^7.8.2",null]
89 verbose parsed url { protocol: null,
89 verbose parsed url   slashes: null,
89 verbose parsed url   auth: null,
89 verbose parsed url   host: null,
89 verbose parsed url   port: null,
89 verbose parsed url   hostname: null,
89 verbose parsed url   hash: null,
89 verbose parsed url   search: null,
89 verbose parsed url   query: null,
89 verbose parsed url   pathname: '@babel/preset-env@^7.8.2',
89 verbose parsed url   path: '@babel/preset-env@^7.8.2',
89 verbose parsed url   href: '@babel/preset-env@^7.8.2' }
90 verbose cache add name="" spec="babel/preset-env@^7.8.2" args=["","babel/preset-env@^7.8.2"]
91 verbose parsed url { protocol: null,
91 verbose parsed url   slashes: null,
91 verbose parsed url   auth: null,
91 verbose parsed url   host: null,
91 verbose parsed url   port: null,
91 verbose parsed url   hostname: null,
91 verbose parsed url   hash: null,
91 verbose parsed url   search: null,
91 verbose parsed url   query: null,
91 verbose parsed url   pathname: 'babel/preset-env@^7.8.2',
91 verbose parsed url   path: 'babel/preset-env@^7.8.2',
91 verbose parsed url   href: 'babel/preset-env@^7.8.2' }
92 verbose cache add name="babel/preset-env" spec="^7.8.2" args=["babel/preset-env","^7.8.2"]
93 verbose parsed url { protocol: null,
93 verbose parsed url   slashes: null,
93 verbose parsed url   auth: null,
93 verbose parsed url   host: null,
93 verbose parsed url   port: null,
93 verbose parsed url   hostname: null,
93 verbose parsed url   hash: null,
93 verbose parsed url   search: null,
93 verbose parsed url   query: null,
93 verbose parsed url   pathname: '^7.8.2',
93 verbose parsed url   path: '^7.8.2',
93 verbose parsed url   href: '^7.8.2' }
94 verbose addNamed [ 'babel/preset-env', '^7.8.2' ]
95 verbose addNamed [ null, '>=7.8.2-0 <8.0.0-0' ]
96 verbose cache add [ '@babel/register@^7.8.0', null ]
97 verbose cache add name=undefined spec="@babel/register@^7.8.0" args=["@babel/register@^7.8.0",null]
98 verbose parsed url { protocol: null,
98 verbose parsed url   slashes: null,
98 verbose parsed url   auth: null,
98 verbose parsed url   host: null,
98 verbose parsed url   port: null,
98 verbose parsed url   hostname: null,
98 verbose parsed url   hash: null,
98 verbose parsed url   search: null,
98 verbose parsed url   query: null,
98 verbose parsed url   pathname: '@babel/register@^7.8.0',
98 verbose parsed url   path: '@babel/register@^7.8.0',
98 verbose parsed url   href: '@babel/register@^7.8.0' }
99 verbose cache add name="" spec="babel/register@^7.8.0" args=["","babel/register@^7.8.0"]
100 verbose parsed url { protocol: null,
100 verbose parsed url   slashes: null,
100 verbose parsed url   auth: null,
100 verbose parsed url   host: null,
100 verbose parsed url   port: null,
100 verbose parsed url   hostname: null,
100 verbose parsed url   hash: null,
100 verbose parsed url   search: null,
100 verbose parsed url   query: null,
100 verbose parsed url   pathname: 'babel/register@^7.8.0',
100 verbose parsed url   path: 'babel/register@^7.8.0',
100 verbose parsed url   href: 'babel/register@^7.8.0' }
101 verbose cache add name="babel/register" spec="^7.8.0" args=["babel/register","^7.8.0"]
102 verbose parsed url { protocol: null,
102 verbose parsed url   slashes: null,
102 verbose parsed url   auth: null,
102 verbose parsed url   host: null,
102 verbose parsed url   port: null,
102 verbose parsed url   hostname: null,
102 verbose parsed url   hash: null,
102 verbose parsed url   search: null,
102 verbose parsed url   query: null,
102 verbose parsed url   pathname: '^7.8.0',
102 verbose parsed url   path: '^7.8.0',
102 verbose parsed url   href: '^7.8.0' }
103 verbose addNamed [ 'babel/register', '^7.8.0' ]
104 verbose addNamed [ null, '>=7.8.0-0 <8.0.0-0' ]
105 verbose cache add [ 'chai@^4.2.0', null ]
106 verbose cache add name=undefined spec="chai@^4.2.0" args=["chai@^4.2.0",null]
107 verbose parsed url { protocol: null,
107 verbose parsed url   slashes: null,
107 verbose parsed url   auth: null,
107 verbose parsed url   host: null,
107 verbose parsed url   port: null,
107 verbose parsed url   hostname: null,
107 verbose parsed url   hash: null,
107 verbose parsed url   search: null,
107 verbose parsed url   query: null,
107 verbose parsed url   pathname: 'chai@^4.2.0',
107 verbose parsed url   path: 'chai@^4.2.0',
107 verbose parsed url   href: 'chai@^4.2.0' }
108 verbose cache add name="chai" spec="^4.2.0" args=["chai","^4.2.0"]
109 verbose parsed url { protocol: null,
109 verbose parsed url   slashes: null,
109 verbose parsed url   auth: null,
109 verbose parsed url   host: null,
109 verbose parsed url   port: null,
109 verbose parsed url   hostname: null,
109 verbose parsed url   hash: null,
109 verbose parsed url   search: null,
109 verbose parsed url   query: null,
109 verbose parsed url   pathname: '^4.2.0',
109 verbose parsed url   path: '^4.2.0',
109 verbose parsed url   href: '^4.2.0' }
110 verbose addNamed [ 'chai', '^4.2.0' ]
111 verbose addNamed [ null, '>=4.2.0-0 <5.0.0-0' ]
112 verbose cache add [ 'mocha@^6.2.2', null ]
113 verbose cache add name=undefined spec="mocha@^6.2.2" args=["mocha@^6.2.2",null]
114 verbose parsed url { protocol: null,
114 verbose parsed url   slashes: null,
114 verbose parsed url   auth: null,
114 verbose parsed url   host: null,
114 verbose parsed url   port: null,
114 verbose parsed url   hostname: null,
114 verbose parsed url   hash: null,
114 verbose parsed url   search: null,
114 verbose parsed url   query: null,
114 verbose parsed url   pathname: 'mocha@^6.2.2',
114 verbose parsed url   path: 'mocha@^6.2.2',
114 verbose parsed url   href: 'mocha@^6.2.2' }
115 verbose cache add name="mocha" spec="^6.2.2" args=["mocha","^6.2.2"]
116 verbose parsed url { protocol: null,
116 verbose parsed url   slashes: null,
116 verbose parsed url   auth: null,
116 verbose parsed url   host: null,
116 verbose parsed url   port: null,
116 verbose parsed url   hostname: null,
116 verbose parsed url   hash: null,
116 verbose parsed url   search: null,
116 verbose parsed url   query: null,
116 verbose parsed url   pathname: '^6.2.2',
116 verbose parsed url   path: '^6.2.2',
116 verbose parsed url   href: '^6.2.2' }
117 verbose addNamed [ 'mocha', '^6.2.2' ]
118 verbose addNamed [ null, '>=6.2.2-0 <7.0.0-0' ]
119 verbose cache add [ 'nodemon@^2.0.2', null ]
120 verbose cache add name=undefined spec="nodemon@^2.0.2" args=["nodemon@^2.0.2",null]
121 verbose parsed url { protocol: null,
121 verbose parsed url   slashes: null,
121 verbose parsed url   auth: null,
121 verbose parsed url   host: null,
121 verbose parsed url   port: null,
121 verbose parsed url   hostname: null,
121 verbose parsed url   hash: null,
121 verbose parsed url   search: null,
121 verbose parsed url   query: null,
121 verbose parsed url   pathname: 'nodemon@^2.0.2',
121 verbose parsed url   path: 'nodemon@^2.0.2',
121 verbose parsed url   href: 'nodemon@^2.0.2' }
122 verbose cache add name="nodemon" spec="^2.0.2" args=["nodemon","^2.0.2"]
123 verbose parsed url { protocol: null,
123 verbose parsed url   slashes: null,
123 verbose parsed url   auth: null,
123 verbose parsed url   host: null,
123 verbose parsed url   port: null,
123 verbose parsed url   hostname: null,
123 verbose parsed url   hash: null,
123 verbose parsed url   search: null,
123 verbose parsed url   query: null,
123 verbose parsed url   pathname: '^2.0.2',
123 verbose parsed url   path: '^2.0.2',
123 verbose parsed url   href: '^2.0.2' }
124 verbose addNamed [ 'nodemon', '^2.0.2' ]
125 verbose addNamed [ null, '>=2.0.2-0 <3.0.0-0' ]
126 verbose cache add [ 'eslint@^6.4.0', null ]
127 verbose cache add name=undefined spec="eslint@^6.4.0" args=["eslint@^6.4.0",null]
128 verbose parsed url { protocol: null,
128 verbose parsed url   slashes: null,
128 verbose parsed url   auth: null,
128 verbose parsed url   host: null,
128 verbose parsed url   port: null,
128 verbose parsed url   hostname: null,
128 verbose parsed url   hash: null,
128 verbose parsed url   search: null,
128 verbose parsed url   query: null,
128 verbose parsed url   pathname: 'eslint@^6.4.0',
128 verbose parsed url   path: 'eslint@^6.4.0',
128 verbose parsed url   href: 'eslint@^6.4.0' }
129 verbose cache add name="eslint" spec="^6.4.0" args=["eslint","^6.4.0"]
130 verbose parsed url { protocol: null,
130 verbose parsed url   slashes: null,
130 verbose parsed url   auth: null,
130 verbose parsed url   host: null,
130 verbose parsed url   port: null,
130 verbose parsed url   hostname: null,
130 verbose parsed url   hash: null,
130 verbose parsed url   search: null,
130 verbose parsed url   query: null,
130 verbose parsed url   pathname: '^6.4.0',
130 verbose parsed url   path: '^6.4.0',
130 verbose parsed url   href: '^6.4.0' }
131 verbose addNamed [ 'eslint', '^6.4.0' ]
132 verbose addNamed [ null, '>=6.4.0-0 <7.0.0-0' ]
133 verbose cache add [ 'eslint-config-airbnb-base@^14.0.0', null ]
134 verbose cache add name=undefined spec="eslint-config-airbnb-base@^14.0.0" args=["eslint-config-airbnb-base@^14.0.0",null]
135 verbose parsed url { protocol: null,
135 verbose parsed url   slashes: null,
135 verbose parsed url   auth: null,
135 verbose parsed url   host: null,
135 verbose parsed url   port: null,
135 verbose parsed url   hostname: null,
135 verbose parsed url   hash: null,
135 verbose parsed url   search: null,
135 verbose parsed url   query: null,
135 verbose parsed url   pathname: 'eslint-config-airbnb-base@^14.0.0',
135 verbose parsed url   path: 'eslint-config-airbnb-base@^14.0.0',
135 verbose parsed url   href: 'eslint-config-airbnb-base@^14.0.0' }
136 verbose cache add name="eslint-config-airbnb-base" spec="^14.0.0" args=["eslint-config-airbnb-base","^14.0.0"]
137 verbose parsed url { protocol: null,
137 verbose parsed url   slashes: null,
137 verbose parsed url   auth: null,
137 verbose parsed url   host: null,
137 verbose parsed url   port: null,
137 verbose parsed url   hostname: null,
137 verbose parsed url   hash: null,
137 verbose parsed url   search: null,
137 verbose parsed url   query: null,
137 verbose parsed url   pathname: '^14.0.0',
137 verbose parsed url   path: '^14.0.0',
137 verbose parsed url   href: '^14.0.0' }
138 verbose addNamed [ 'eslint-config-airbnb-base', '^14.0.0' ]
139 verbose addNamed [ null, '>=14.0.0-0 <15.0.0-0' ]
140 verbose cache add [ 'eslint-plugin-import@^2.18.2', null ]
141 verbose cache add name=undefined spec="eslint-plugin-import@^2.18.2" args=["eslint-plugin-import@^2.18.2",null]
142 verbose parsed url { protocol: null,
142 verbose parsed url   slashes: null,
142 verbose parsed url   auth: null,
142 verbose parsed url   host: null,
142 verbose parsed url   port: null,
142 verbose parsed url   hostname: null,
142 verbose parsed url   hash: null,
142 verbose parsed url   search: null,
142 verbose parsed url   query: null,
142 verbose parsed url   pathname: 'eslint-plugin-import@^2.18.2',
142 verbose parsed url   path: 'eslint-plugin-import@^2.18.2',
142 verbose parsed url   href: 'eslint-plugin-import@^2.18.2' }
143 verbose cache add name="eslint-plugin-import" spec="^2.18.2" args=["eslint-plugin-import","^2.18.2"]
144 verbose parsed url { protocol: null,
144 verbose parsed url   slashes: null,
144 verbose parsed url   auth: null,
144 verbose parsed url   host: null,
144 verbose parsed url   port: null,
144 verbose parsed url   hostname: null,
144 verbose parsed url   hash: null,
144 verbose parsed url   search: null,
144 verbose parsed url   query: null,
144 verbose parsed url   pathname: '^2.18.2',
144 verbose parsed url   path: '^2.18.2',
144 verbose parsed url   href: '^2.18.2' }
145 verbose addNamed [ 'eslint-plugin-import', '^2.18.2' ]
146 verbose addNamed [ null, '>=2.18.2-0 <3.0.0-0' ]
147 verbose cache add [ 'eslint-plugin-jest@^22.17.0', null ]
148 verbose cache add name=undefined spec="eslint-plugin-jest@^22.17.0" args=["eslint-plugin-jest@^22.17.0",null]
149 verbose parsed url { protocol: null,
149 verbose parsed url   slashes: null,
149 verbose parsed url   auth: null,
149 verbose parsed url   host: null,
149 verbose parsed url   port: null,
149 verbose parsed url   hostname: null,
149 verbose parsed url   hash: null,
149 verbose parsed url   search: null,
149 verbose parsed url   query: null,
149 verbose parsed url   pathname: 'eslint-plugin-jest@^22.17.0',
149 verbose parsed url   path: 'eslint-plugin-jest@^22.17.0',
149 verbose parsed url   href: 'eslint-plugin-jest@^22.17.0' }
150 verbose cache add name="eslint-plugin-jest" spec="^22.17.0" args=["eslint-plugin-jest","^22.17.0"]
151 verbose parsed url { protocol: null,
151 verbose parsed url   slashes: null,
151 verbose parsed url   auth: null,
151 verbose parsed url   host: null,
151 verbose parsed url   port: null,
151 verbose parsed url   hostname: null,
151 verbose parsed url   hash: null,
151 verbose parsed url   search: null,
151 verbose parsed url   query: null,
151 verbose parsed url   pathname: '^22.17.0',
151 verbose parsed url   path: '^22.17.0',
151 verbose parsed url   href: '^22.17.0' }
152 verbose addNamed [ 'eslint-plugin-jest', '^22.17.0' ]
153 verbose addNamed [ null, '>=22.17.0-0 <23.0.0-0' ]
154 verbose cache add [ 'request@^2.88.0', null ]
155 verbose cache add name=undefined spec="request@^2.88.0" args=["request@^2.88.0",null]
156 verbose parsed url { protocol: null,
156 verbose parsed url   slashes: null,
156 verbose parsed url   auth: null,
156 verbose parsed url   host: null,
156 verbose parsed url   port: null,
156 verbose parsed url   hostname: null,
156 verbose parsed url   hash: null,
156 verbose parsed url   search: null,
156 verbose parsed url   query: null,
156 verbose parsed url   pathname: 'request@^2.88.0',
156 verbose parsed url   path: 'request@^2.88.0',
156 verbose parsed url   href: 'request@^2.88.0' }
157 verbose cache add name="request" spec="^2.88.0" args=["request","^2.88.0"]
158 verbose parsed url { protocol: null,
158 verbose parsed url   slashes: null,
158 verbose parsed url   auth: null,
158 verbose parsed url   host: null,
158 verbose parsed url   port: null,
158 verbose parsed url   hostname: null,
158 verbose parsed url   hash: null,
158 verbose parsed url   search: null,
158 verbose parsed url   query: null,
158 verbose parsed url   pathname: '^2.88.0',
158 verbose parsed url   path: '^2.88.0',
158 verbose parsed url   href: '^2.88.0' }
159 verbose addNamed [ 'request', '^2.88.0' ]
160 verbose addNamed [ null, '>=2.88.0-0 <3.0.0-0' ]
161 verbose cache add [ 'sinon@^7.5.0', null ]
162 verbose cache add name=undefined spec="sinon@^7.5.0" args=["sinon@^7.5.0",null]
163 verbose parsed url { protocol: null,
163 verbose parsed url   slashes: null,
163 verbose parsed url   auth: null,
163 verbose parsed url   host: null,
163 verbose parsed url   port: null,
163 verbose parsed url   hostname: null,
163 verbose parsed url   hash: null,
163 verbose parsed url   search: null,
163 verbose parsed url   query: null,
163 verbose parsed url   pathname: 'sinon@^7.5.0',
163 verbose parsed url   path: 'sinon@^7.5.0',
163 verbose parsed url   href: 'sinon@^7.5.0' }
164 verbose cache add name="sinon" spec="^7.5.0" args=["sinon","^7.5.0"]
165 verbose parsed url { protocol: null,
165 verbose parsed url   slashes: null,
165 verbose parsed url   auth: null,
165 verbose parsed url   host: null,
165 verbose parsed url   port: null,
165 verbose parsed url   hostname: null,
165 verbose parsed url   hash: null,
165 verbose parsed url   search: null,
165 verbose parsed url   query: null,
165 verbose parsed url   pathname: '^7.5.0',
165 verbose parsed url   path: '^7.5.0',
165 verbose parsed url   href: '^7.5.0' }
166 verbose addNamed [ 'sinon', '^7.5.0' ]
167 verbose addNamed [ null, '>=7.5.0-0 <8.0.0-0' ]
168 verbose cache add [ 'bull@^3.16.0', null ]
169 verbose cache add name=undefined spec="bull@^3.16.0" args=["bull@^3.16.0",null]
170 verbose parsed url { protocol: null,
170 verbose parsed url   slashes: null,
170 verbose parsed url   auth: null,
170 verbose parsed url   host: null,
170 verbose parsed url   port: null,
170 verbose parsed url   hostname: null,
170 verbose parsed url   hash: null,
170 verbose parsed url   search: null,
170 verbose parsed url   query: null,
170 verbose parsed url   pathname: 'bull@^3.16.0',
170 verbose parsed url   path: 'bull@^3.16.0',
170 verbose parsed url   href: 'bull@^3.16.0' }
171 verbose cache add name="bull" spec="^3.16.0" args=["bull","^3.16.0"]
172 verbose parsed url { protocol: null,
172 verbose parsed url   slashes: null,
172 verbose parsed url   auth: null,
172 verbose parsed url   host: null,
172 verbose parsed url   port: null,
172 verbose parsed url   hostname: null,
172 verbose parsed url   hash: null,
172 verbose parsed url   search: null,
172 verbose parsed url   query: null,
172 verbose parsed url   pathname: '^3.16.0',
172 verbose parsed url   path: '^3.16.0',
172 verbose parsed url   href: '^3.16.0' }
173 verbose addNamed [ 'bull', '^3.16.0' ]
174 verbose addNamed [ null, '>=3.16.0-0 <4.0.0-0' ]
175 verbose cache add [ 'chai-http@^4.3.0', null ]
176 verbose cache add name=undefined spec="chai-http@^4.3.0" args=["chai-http@^4.3.0",null]
177 verbose parsed url { protocol: null,
177 verbose parsed url   slashes: null,
177 verbose parsed url   auth: null,
177 verbose parsed url   host: null,
177 verbose parsed url   port: null,
177 verbose parsed url   hostname: null,
177 verbose parsed url   hash: null,
177 verbose parsed url   search: null,
177 verbose parsed url   query: null,
177 verbose parsed url   pathname: 'chai-http@^4.3.0',
177 verbose parsed url   path: 'chai-http@^4.3.0',
177 verbose parsed url   href: 'chai-http@^4.3.0' }
178 verbose cache add name="chai-http" spec="^4.3.0" args=["chai-http","^4.3.0"]
179 verbose parsed url { protocol: null,
179 verbose parsed url   slashes: null,
179 verbose parsed url   auth: null,
179 verbose parsed url   host: null,
179 verbose parsed url   port: null,
179 verbose parsed url   hostname: null,
179 verbose parsed url   hash: null,
179 verbose parsed url   search: null,
179 verbose parsed url   query: null,
179 verbose parsed url   pathname: '^4.3.0',
179 verbose parsed url   path: '^4.3.0',
179 verbose parsed url   href: '^4.3.0' }
180 verbose addNamed [ 'chai-http', '^4.3.0' ]
181 verbose addNamed [ null, '>=4.3.0-0 <5.0.0-0' ]
182 silly lockFile 462f207e-express-4-17-1 express@^4.17.1
183 verbose lock express@^4.17.1 /root/.npm/462f207e-express-4-17-1.lock
184 silly lockFile 01f960ec-mime-types-2-1-27 mime-types@^2.1.27
185 verbose lock mime-types@^2.1.27 /root/.npm/01f960ec-mime-types-2-1-27.lock
186 silly lockFile 32ed75aa-image-thumbnail-1-0-10 image-thumbnail@^1.0.10
187 verbose lock image-thumbnail@^1.0.10 /root/.npm/32ed75aa-image-thumbnail-1-0-10.lock
188 silly lockFile b7113ca0-mongodb-3-5-9 mongodb@^3.5.9
189 verbose lock mongodb@^3.5.9 /root/.npm/b7113ca0-mongodb-3-5-9.lock
190 silly lockFile 5be475a8-redis-2-8-0 redis@^2.8.0
191 verbose lock redis@^2.8.0 /root/.npm/5be475a8-redis-2-8-0.lock
192 silly lockFile 5d16e1bc-sha1-1-1-1 sha1@^1.1.1
193 verbose lock sha1@^1.1.1 /root/.npm/5d16e1bc-sha1-1-1-1.lock
194 silly lockFile a1c321a4-uuid-8-2-0 uuid@^8.2.0
195 verbose lock uuid@^8.2.0 /root/.npm/a1c321a4-uuid-8-2-0.lock
196 silly lockFile 51603d93-babel-cli-7-8-0 babel/cli@^7.8.0
197 verbose lock babel/cli@^7.8.0 /root/.npm/51603d93-babel-cli-7-8-0.lock
198 silly lockFile f2cc40f3-babel-core-7-8-0 babel/core@^7.8.0
199 verbose lock babel/core@^7.8.0 /root/.npm/f2cc40f3-babel-core-7-8-0.lock
200 silly lockFile 368556b6-babel-node-7-8-0 babel/node@^7.8.0
201 verbose lock babel/node@^7.8.0 /root/.npm/368556b6-babel-node-7-8-0.lock
202 silly lockFile 2a87039e-babel-preset-env-7-8-2 babel/preset-env@^7.8.2
203 verbose lock babel/preset-env@^7.8.2 /root/.npm/2a87039e-babel-preset-env-7-8-2.lock
204 silly lockFile 92e52e82-babel-register-7-8-0 babel/register@^7.8.0
205 verbose lock babel/register@^7.8.0 /root/.npm/92e52e82-babel-register-7-8-0.lock
206 silly lockFile 35088557-chai-4-2-0 chai@^4.2.0
207 verbose lock chai@^4.2.0 /root/.npm/35088557-chai-4-2-0.lock
208 silly lockFile 5c372dc9-mocha-6-2-2 mocha@^6.2.2
209 verbose lock mocha@^6.2.2 /root/.npm/5c372dc9-mocha-6-2-2.lock
210 silly lockFile 301bee90-nodemon-2-0-2 nodemon@^2.0.2
211 verbose lock nodemon@^2.0.2 /root/.npm/301bee90-nodemon-2-0-2.lock
212 silly lockFile 14dcce51-eslint-6-4-0 eslint@^6.4.0
213 verbose lock eslint@^6.4.0 /root/.npm/14dcce51-eslint-6-4-0.lock
214 silly lockFile c55c535b-eslint-config-airbnb-base-14-0-0 eslint-config-airbnb-base@^14.0.0
215 verbose lock eslint-config-airbnb-base@^14.0.0 /root/.npm/c55c535b-eslint-config-airbnb-base-14-0-0.lock
216 silly lockFile b83dd719-eslint-plugin-import-2-18-2 eslint-plugin-import@^2.18.2
217 verbose lock eslint-plugin-import@^2.18.2 /root/.npm/b83dd719-eslint-plugin-import-2-18-2.lock
218 silly lockFile d84ab553-eslint-plugin-jest-22-17-0 eslint-plugin-jest@^22.17.0
219 verbose lock eslint-plugin-jest@^22.17.0 /root/.npm/d84ab553-eslint-plugin-jest-22-17-0.lock
220 silly lockFile f9a4fdd4-request-2-88-0 request@^2.88.0
221 verbose lock request@^2.88.0 /root/.npm/f9a4fdd4-request-2-88-0.lock
222 silly lockFile 01297580-sinon-7-5-0 sinon@^7.5.0
223 verbose lock sinon@^7.5.0 /root/.npm/01297580-sinon-7-5-0.lock
224 silly lockFile 8a887d71-bull-3-16-0 bull@^3.16.0
225 verbose lock bull@^3.16.0 /root/.npm/8a887d71-bull-3-16-0.lock
226 silly lockFile 93a762bf-chai-http-4-3-0 chai-http@^4.3.0
227 verbose lock chai-http@^4.3.0 /root/.npm/93a762bf-chai-http-4-3-0.lock
228 silly addNameRange { name: 'express', range: '>=4.17.1-0 <5.0.0-0', hasData: false }
229 silly addNameRange { name: 'mime-types',
229 silly addNameRange   range: '>=2.1.27-0 <3.0.0-0',
229 silly addNameRange   hasData: false }
230 silly addNameRange { name: 'mongodb', range: '>=3.5.9-0 <4.0.0-0', hasData: false }
231 silly addNameRange { name: 'uuid', range: '>=8.2.0-0 <9.0.0-0', hasData: false }
232 silly addNameRange { name: 'babel/cli',
232 silly addNameRange   range: '>=7.8.0-0 <8.0.0-0',
232 silly addNameRange   hasData: false }
233 silly addNameRange { name: 'babel/core',
233 silly addNameRange   range: '>=7.8.0-0 <8.0.0-0',
233 silly addNameRange   hasData: false }
234 silly addNameRange { name: 'babel/node',
234 silly addNameRange   range: '>=7.8.0-0 <8.0.0-0',
234 silly addNameRange   hasData: false }
235 silly addNameRange { name: 'babel/preset-env',
235 silly addNameRange   range: '>=7.8.2-0 <8.0.0-0',
235 silly addNameRange   hasData: false }
236 silly addNameRange { name: 'babel/register',
236 silly addNameRange   range: '>=7.8.0-0 <8.0.0-0',
236 silly addNameRange   hasData: false }
237 silly addNameRange { name: 'chai', range: '>=4.2.0-0 <5.0.0-0', hasData: false }
238 silly addNameRange { name: 'mocha', range: '>=6.2.2-0 <7.0.0-0', hasData: false }
239 silly addNameRange { name: 'nodemon', range: '>=2.0.2-0 <3.0.0-0', hasData: false }
240 silly addNameRange { name: 'eslint', range: '>=6.4.0-0 <7.0.0-0', hasData: false }
241 silly addNameRange { name: 'redis', range: '>=2.8.0-0 <3.0.0-0', hasData: false }
242 silly addNameRange { name: 'eslint-config-airbnb-base',
242 silly addNameRange   range: '>=14.0.0-0 <15.0.0-0',
242 silly addNameRange   hasData: false }
243 silly addNameRange { name: 'sha1', range: '>=1.1.1-0 <2.0.0-0', hasData: false }
244 silly addNameRange { name: 'eslint-plugin-import',
244 silly addNameRange   range: '>=2.18.2-0 <3.0.0-0',
244 silly addNameRange   hasData: false }
245 silly addNameRange { name: 'eslint-plugin-jest',
245 silly addNameRange   range: '>=22.17.0-0 <23.0.0-0',
245 silly addNameRange   hasData: false }
246 silly addNameRange { name: 'sinon', range: '>=7.5.0-0 <8.0.0-0', hasData: false }
247 silly addNameRange { name: 'request', range: '>=2.88.0-0 <3.0.0-0', hasData: false }
248 silly addNameRange { name: 'bull', range: '>=3.16.0-0 <4.0.0-0', hasData: false }
249 verbose url raw express
250 verbose url resolving [ 'https://registry.npmjs.org/', './express' ]
251 verbose url resolved https://registry.npmjs.org/express
252 info trying registry request attempt 1 at 01:48:40
253 http GET https://registry.npmjs.org/express
254 verbose url raw mime-types
255 verbose url resolving [ 'https://registry.npmjs.org/', './mime-types' ]
256 verbose url resolved https://registry.npmjs.org/mime-types
257 info trying registry request attempt 1 at 01:48:40
258 http GET https://registry.npmjs.org/mime-types
259 verbose url raw mongodb
260 verbose url resolving [ 'https://registry.npmjs.org/', './mongodb' ]
261 verbose url resolved https://registry.npmjs.org/mongodb
262 info trying registry request attempt 1 at 01:48:40
263 http GET https://registry.npmjs.org/mongodb
264 verbose url raw uuid
265 verbose url resolving [ 'https://registry.npmjs.org/', './uuid' ]
266 verbose url resolved https://registry.npmjs.org/uuid
267 info trying registry request attempt 1 at 01:48:40
268 http GET https://registry.npmjs.org/uuid
269 verbose url raw babel/cli
270 verbose url resolving [ 'https://registry.npmjs.org/', './babel/cli' ]
271 verbose url resolved https://registry.npmjs.org/babel/cli
272 info trying registry request attempt 1 at 01:48:40
273 http GET https://registry.npmjs.org/babel/cli
274 verbose url raw babel/core
275 verbose url resolving [ 'https://registry.npmjs.org/', './babel/core' ]
276 verbose url resolved https://registry.npmjs.org/babel/core
277 info trying registry request attempt 1 at 01:48:40
278 http GET https://registry.npmjs.org/babel/core
279 verbose url raw babel/node
280 verbose url resolving [ 'https://registry.npmjs.org/', './babel/node' ]
281 verbose url resolved https://registry.npmjs.org/babel/node
282 info trying registry request attempt 1 at 01:48:40
283 http GET https://registry.npmjs.org/babel/node
284 verbose url raw babel/preset-env
285 verbose url resolving [ 'https://registry.npmjs.org/', './babel/preset-env' ]
286 verbose url resolved https://registry.npmjs.org/babel/preset-env
287 info trying registry request attempt 1 at 01:48:40
288 http GET https://registry.npmjs.org/babel/preset-env
289 silly addNameRange { name: 'chai-http',
289 silly addNameRange   range: '>=4.3.0-0 <5.0.0-0',
289 silly addNameRange   hasData: false }
290 verbose url raw babel/register
291 verbose url resolving [ 'https://registry.npmjs.org/', './babel/register' ]
292 verbose url resolved https://registry.npmjs.org/babel/register
293 info trying registry request attempt 1 at 01:48:40
294 http GET https://registry.npmjs.org/babel/register
295 verbose url raw chai
296 verbose url resolving [ 'https://registry.npmjs.org/', './chai' ]
297 verbose url resolved https://registry.npmjs.org/chai
298 info trying registry request attempt 1 at 01:48:40
299 http GET https://registry.npmjs.org/chai
300 verbose url raw mocha
301 verbose url resolving [ 'https://registry.npmjs.org/', './mocha' ]
302 verbose url resolved https://registry.npmjs.org/mocha
303 info trying registry request attempt 1 at 01:48:40
304 http GET https://registry.npmjs.org/mocha
305 verbose url raw nodemon
306 verbose url resolving [ 'https://registry.npmjs.org/', './nodemon' ]
307 verbose url resolved https://registry.npmjs.org/nodemon
308 info trying registry request attempt 1 at 01:48:40
309 http GET https://registry.npmjs.org/nodemon
310 verbose url raw eslint
311 verbose url resolving [ 'https://registry.npmjs.org/', './eslint' ]
312 verbose url resolved https://registry.npmjs.org/eslint
313 info trying registry request attempt 1 at 01:48:40
314 http GET https://registry.npmjs.org/eslint
315 verbose url raw redis
316 verbose url resolving [ 'https://registry.npmjs.org/', './redis' ]
317 verbose url resolved https://registry.npmjs.org/redis
318 info trying registry request attempt 1 at 01:48:40
319 http GET https://registry.npmjs.org/redis
320 verbose url raw eslint-config-airbnb-base
321 verbose url resolving [ 'https://registry.npmjs.org/', './eslint-config-airbnb-base' ]
322 verbose url resolved https://registry.npmjs.org/eslint-config-airbnb-base
323 info trying registry request attempt 1 at 01:48:40
324 http GET https://registry.npmjs.org/eslint-config-airbnb-base
325 verbose url raw sha1
326 verbose url resolving [ 'https://registry.npmjs.org/', './sha1' ]
327 verbose url resolved https://registry.npmjs.org/sha1
328 info trying registry request attempt 1 at 01:48:40
329 http GET https://registry.npmjs.org/sha1
330 verbose url raw eslint-plugin-import
331 verbose url resolving [ 'https://registry.npmjs.org/', './eslint-plugin-import' ]
332 verbose url resolved https://registry.npmjs.org/eslint-plugin-import
333 info trying registry request attempt 1 at 01:48:40
334 http GET https://registry.npmjs.org/eslint-plugin-import
335 silly addNameRange { name: 'image-thumbnail',
335 silly addNameRange   range: '>=1.0.10-0 <2.0.0-0',
335 silly addNameRange   hasData: false }
336 verbose url raw eslint-plugin-jest
337 verbose url resolving [ 'https://registry.npmjs.org/', './eslint-plugin-jest' ]
338 verbose url resolved https://registry.npmjs.org/eslint-plugin-jest
339 info trying registry request attempt 1 at 01:48:40
340 http GET https://registry.npmjs.org/eslint-plugin-jest
341 verbose url raw sinon
342 verbose url resolving [ 'https://registry.npmjs.org/', './sinon' ]
343 verbose url resolved https://registry.npmjs.org/sinon
344 info trying registry request attempt 1 at 01:48:40
345 http GET https://registry.npmjs.org/sinon
346 verbose url raw request
347 verbose url resolving [ 'https://registry.npmjs.org/', './request' ]
348 verbose url resolved https://registry.npmjs.org/request
349 info trying registry request attempt 1 at 01:48:40
350 http GET https://registry.npmjs.org/request
351 verbose url raw bull
352 verbose url resolving [ 'https://registry.npmjs.org/', './bull' ]
353 verbose url resolved https://registry.npmjs.org/bull
354 info trying registry request attempt 1 at 01:48:40
355 http GET https://registry.npmjs.org/bull
356 verbose url raw chai-http
357 verbose url resolving [ 'https://registry.npmjs.org/', './chai-http' ]
358 verbose url resolved https://registry.npmjs.org/chai-http
359 info trying registry request attempt 1 at 01:48:40
360 http GET https://registry.npmjs.org/chai-http
361 verbose url raw image-thumbnail
362 verbose url resolving [ 'https://registry.npmjs.org/', './image-thumbnail' ]
363 verbose url resolved https://registry.npmjs.org/image-thumbnail
364 info trying registry request attempt 1 at 01:48:40
365 http GET https://registry.npmjs.org/image-thumbnail
366 info retry will retry, error on last attempt: Error: CERT_UNTRUSTED
367 info retry will retry, error on last attempt: Error: CERT_UNTRUSTED
368 info retry will retry, error on last attempt: Error: CERT_UNTRUSTED
369 info retry will retry, error on last attempt: Error: CERT_UNTRUSTED
370 info retry will retry, error on last attempt: Error: CERT_UNTRUSTED
371 info retry will retry, error on last attempt: Error: CERT_UNTRUSTED
372 info retry will retry, error on last attempt: Error: CERT_UNTRUSTED
373 info retry will retry, error on last attempt: Error: CERT_UNTRUSTED
374 info retry will retry, error on last attempt: Error: CERT_UNTRUSTED
375 info retry will retry, error on last attempt: Error: CERT_UNTRUSTED
376 info retry will retry, error on last attempt: Error: CERT_UNTRUSTED
377 info retry will retry, error on last attempt: Error: CERT_UNTRUSTED
378 info retry will retry, error on last attempt: Error: CERT_UNTRUSTED
379 info retry will retry, error on last attempt: Error: CERT_UNTRUSTED
380 info retry will retry, error on last attempt: Error: CERT_UNTRUSTED
381 info retry will retry, error on last attempt: Error: CERT_UNTRUSTED
382 info retry will retry, error on last attempt: Error: CERT_UNTRUSTED
383 info retry will retry, error on last attempt: Error: CERT_UNTRUSTED
384 info retry will retry, error on last attempt: Error: CERT_UNTRUSTED
385 info retry will retry, error on last attempt: Error: CERT_UNTRUSTED
386 info retry will retry, error on last attempt: Error: CERT_UNTRUSTED
387 info retry will retry, error on last attempt: Error: CERT_UNTRUSTED
388 info retry will retry, error on last attempt: Error: CERT_UNTRUSTED
389 info trying registry request attempt 2 at 01:48:50
390 http GET https://registry.npmjs.org/mime-types
391 info trying registry request attempt 2 at 01:48:50
392 http GET https://registry.npmjs.org/uuid
393 info trying registry request attempt 2 at 01:48:50
394 http GET https://registry.npmjs.org/babel/cli
395 info trying registry request attempt 2 at 01:48:51
396 http GET https://registry.npmjs.org/mongodb
397 info retry will retry, error on last attempt: Error: CERT_UNTRUSTED
398 info retry will retry, error on last attempt: Error: CERT_UNTRUSTED
399 info trying registry request attempt 2 at 01:48:51
400 http GET https://registry.npmjs.org/express
401 info retry will retry, error on last attempt: Error: CERT_UNTRUSTED
402 info retry will retry, error on last attempt: Error: CERT_UNTRUSTED
403 info retry will retry, error on last attempt: Error: CERT_UNTRUSTED
404 info trying registry request attempt 2 at 01:48:51
405 http GET https://registry.npmjs.org/babel/register
406 info trying registry request attempt 2 at 01:48:51
407 http GET https://registry.npmjs.org/chai
408 info trying registry request attempt 2 at 01:48:51
409 http GET https://registry.npmjs.org/babel/preset-env
410 info trying registry request attempt 2 at 01:48:51
411 http GET https://registry.npmjs.org/babel/node
412 info retry will retry, error on last attempt: Error: CERT_UNTRUSTED
413 info retry will retry, error on last attempt: Error: CERT_UNTRUSTED
414 info trying registry request attempt 2 at 01:48:51
415 http GET https://registry.npmjs.org/babel/core
416 info trying registry request attempt 2 at 01:48:51
417 http GET https://registry.npmjs.org/eslint
418 info retry will retry, error on last attempt: Error: CERT_UNTRUSTED
419 info trying registry request attempt 2 at 01:48:51
420 http GET https://registry.npmjs.org/redis
421 info trying registry request attempt 2 at 01:48:51
422 http GET https://registry.npmjs.org/nodemon
423 info trying registry request attempt 2 at 01:48:51
424 http GET https://registry.npmjs.org/eslint-config-airbnb-base
425 info trying registry request attempt 2 at 01:48:51
426 http GET https://registry.npmjs.org/mocha
427 info retry will retry, error on last attempt: Error: CERT_UNTRUSTED
428 info trying registry request attempt 2 at 01:48:51
429 http GET https://registry.npmjs.org/sinon
430 info trying registry request attempt 2 at 01:48:51
431 http GET https://registry.npmjs.org/eslint-plugin-jest
432 info trying registry request attempt 2 at 01:48:51
433 http GET https://registry.npmjs.org/sha1
434 info trying registry request attempt 2 at 01:48:51
435 http GET https://registry.npmjs.org/request
436 info trying registry request attempt 2 at 01:48:51
437 http GET https://registry.npmjs.org/eslint-plugin-import
438 info trying registry request attempt 2 at 01:48:51
439 http GET https://registry.npmjs.org/bull
440 info trying registry request attempt 2 at 01:48:51
441 http GET https://registry.npmjs.org/chai-http
442 info trying registry request attempt 2 at 01:48:51
443 http GET https://registry.npmjs.org/image-thumbnail
444 info retry will retry, error on last attempt: Error: CERT_UNTRUSTED
445 info retry will retry, error on last attempt: Error: CERT_UNTRUSTED
446 info retry will retry, error on last attempt: Error: CERT_UNTRUSTED
447 info retry will retry, error on last attempt: Error: CERT_UNTRUSTED
448 info retry will retry, error on last attempt: Error: CERT_UNTRUSTED
449 info retry will retry, error on last attempt: Error: CERT_UNTRUSTED
450 info retry will retry, error on last attempt: Error: CERT_UNTRUSTED
451 info retry will retry, error on last attempt: Error: CERT_UNTRUSTED
452 info retry will retry, error on last attempt: Error: CERT_UNTRUSTED
453 info retry will retry, error on last attempt: Error: CERT_UNTRUSTED
454 info retry will retry, error on last attempt: Error: CERT_UNTRUSTED
455 info retry will retry, error on last attempt: Error: CERT_UNTRUSTED
456 info retry will retry, error on last attempt: Error: CERT_UNTRUSTED
457 info retry will retry, error on last attempt: Error: CERT_UNTRUSTED
458 info trying registry request attempt 3 at 01:49:51
459 http GET https://registry.npmjs.org/babel/cli
460 info trying registry request attempt 3 at 01:49:51
461 http GET https://registry.npmjs.org/mime-types
462 info trying registry request attempt 3 at 01:49:51
463 http GET https://registry.npmjs.org/uuid
464 silly lockFile 01f960ec-mime-types-2-1-27 mime-types@^2.1.27
465 silly lockFile 01f960ec-mime-types-2-1-27 mime-types@^2.1.27
466 silly lockFile 51603d93-babel-cli-7-8-0 babel/cli@^7.8.0
467 silly lockFile 51603d93-babel-cli-7-8-0 babel/cli@^7.8.0
468 error Error: CERT_UNTRUSTED
468 error     at SecurePair.<anonymous> (tls.js:1370:32)
468 error     at SecurePair.EventEmitter.emit (events.js:92:17)
468 error     at SecurePair.maybeInitFinished (tls.js:982:10)
468 error     at CleartextStream.read [as _read] (tls.js:469:13)
468 error     at CleartextStream.Readable.read (_stream_readable.js:320:10)
468 error     at EncryptedStream.write [as _write] (tls.js:366:25)
468 error     at doWrite (_stream_writable.js:223:10)
468 error     at writeOrBuffer (_stream_writable.js:213:5)
468 error     at EncryptedStream.Writable.write (_stream_writable.js:180:11)
468 error     at write (_stream_readable.js:583:24)
468 error     at flow (_stream_readable.js:592:7)
468 error     at Socket.pipeOnReadable (_stream_readable.js:624:5)
469 error If you need help, you may report this log at:
469 error     <http://github.com/isaacs/npm/issues>
469 error or email it to:
469 error     <npm-@googlegroups.com>
470 error System Linux 5.4.0-1049-aws
471 error command "/usr/bin/nodejs" "/usr/bin/npm" "install"
472 error cwd /alx-files_manager
473 error node -v v0.10.25
474 error npm -v 1.3.10
475 verbose exit [ 1, true ]
